<?xml version="1.0" encoding="UTF-8"?>
<!-- Generated by org.testng.reporters.JUnitXMLReporter -->
<testsuite ignored="10" hostname="DESKTOP-GDN8ABU" failures="0" tests="6" name="Edge Test" time="120.697" errors="0" timestamp="2024-12-19T16:39:35 IST">
  <testcase classname="test.TC_001_SignUpTest" name="signuUpTest" time="11.659"/>
  <testcase classname="test.TC_002_LoginTest" name="loginTest" time="8.231"/>
  <testcase classname="test.TC_003_ProductCategoryTest" name="productTest" time="22.845"/>
  <testcase classname="test.TC_004_CartFunctionTest" name="cartTest" time="13.824"/>
  <testcase classname="test.TC_005_PurchaseCategoryTest" name="purchaseTest" time="31.262"/>
  <testcase classname="test.TC_006_LogoutTest" name="logoutTest" time="8.181"/>
  <testcase classname="base.ProjectSpecificationMethods" name="@BeforeSuite reportInitialization" time="0.0">
    <ignored/>
  </testcase> <!-- @BeforeSuite reportInitialization -->
  <testcase classname="base.ProjectSpecificationMethods" name="@BeforeSuite reportInitialization" time="0.0">
    <ignored/>
  </testcase> <!-- @BeforeSuite reportInitialization -->
  <testcase classname="base.ProjectSpecificationMethods" name="@BeforeSuite reportInitialization" time="0.0">
    <ignored/>
  </testcase> <!-- @BeforeSuite reportInitialization -->
  <testcase classname="base.ProjectSpecificationMethods" name="@BeforeSuite reportInitialization" time="0.0">
    <ignored/>
  </testcase> <!-- @BeforeSuite reportInitialization -->
  <testcase classname="base.ProjectSpecificationMethods" name="@BeforeSuite reportInitialization" time="0.0">
    <ignored/>
  </testcase> <!-- @BeforeSuite reportInitialization -->
  <testcase classname="base.ProjectSpecificationMethods" name="@AfterSuite closeReport" time="0.0">
    <ignored/>
  </testcase> <!-- @AfterSuite closeReport -->
  <testcase classname="base.ProjectSpecificationMethods" name="@AfterSuite closeReport" time="0.0">
    <ignored/>
  </testcase> <!-- @AfterSuite closeReport -->
  <testcase classname="base.ProjectSpecificationMethods" name="@AfterSuite closeReport" time="0.0">
    <ignored/>
  </testcase> <!-- @AfterSuite closeReport -->
  <testcase classname="base.ProjectSpecificationMethods" name="@AfterSuite closeReport" time="0.0">
    <ignored/>
  </testcase> <!-- @AfterSuite closeReport -->
  <testcase classname="base.ProjectSpecificationMethods" name="@AfterSuite closeReport" time="0.0">
    <ignored/>
  </testcase> <!-- @AfterSuite closeReport -->
</testsuite> <!-- Edge Test -->
