<?xml version="1.0" encoding="UTF-8"?>
<testng-results ignored="0" total="1" passed="1" failed="0" skipped="0">
  <reporter-output>
  </reporter-output>
  <suite started-at="2024-12-19T21:10:16 IST" name="Default suite" finished-at="2024-12-19T21:10:29 IST" duration-ms="12265">
    <groups>
    </groups>
    <test started-at="2024-12-19T21:10:16 IST" name="Default test" finished-at="2024-12-19T21:10:29 IST" duration-ms="12265">
      <class name="test.TC_006_LogoutTest">
        <test-method is-config="true" signature="reportInitialization()[pri:0, instance:test.TC_006_LogoutTest@4afcd809]" started-at="2024-12-19T21:10:16 IST" name="reportInitialization" finished-at="2024-12-19T21:10:16 IST" duration-ms="270" status="PASS">
          <reporter-output>
          </reporter-output>
        </test-method> <!-- reportInitialization -->
        <test-method is-config="true" signature="dataSetup()[pri:0, instance:test.TC_006_LogoutTest@4afcd809]" started-at="2024-12-19T21:10:16 IST" name="dataSetup" finished-at="2024-12-19T21:10:16 IST" duration-ms="1" status="PASS">
          <reporter-output>
          </reporter-output>
        </test-method> <!-- dataSetup -->
        <test-method is-config="true" signature="tDetails()[pri:0, instance:test.TC_006_LogoutTest@4afcd809]" started-at="2024-12-19T21:10:16 IST" name="tDetails" finished-at="2024-12-19T21:10:16 IST" duration-ms="8" status="PASS">
          <reporter-output>
          </reporter-output>
        </test-method> <!-- tDetails -->
        <test-method is-config="true" signature="LaunchAndLoadURL()[pri:0, instance:test.TC_006_LogoutTest@4afcd809]" started-at="2024-12-19T21:10:16 IST" name="LaunchAndLoadURL" finished-at="2024-12-19T21:10:20 IST" duration-ms="3396" status="PASS">
          <reporter-output>
          </reporter-output>
        </test-method> <!-- LaunchAndLoadURL -->
        <test-method signature="logoutTest()[pri:0, instance:test.TC_006_LogoutTest@4afcd809]" started-at="2024-12-19T21:10:20 IST" name="logoutTest" finished-at="2024-12-19T21:10:28 IST" duration-ms="8590" status="PASS">
          <reporter-output>
          </reporter-output>
        </test-method> <!-- logoutTest -->
        <test-method is-config="true" signature="closeBrowser()[pri:0, instance:test.TC_006_LogoutTest@4afcd809]" started-at="2024-12-19T21:10:28 IST" name="closeBrowser" finished-at="2024-12-19T21:10:29 IST" duration-ms="236" status="PASS">
          <reporter-output>
          </reporter-output>
        </test-method> <!-- closeBrowser -->
        <test-method is-config="true" signature="closeReport()[pri:0, instance:test.TC_006_LogoutTest@4afcd809]" started-at="2024-12-19T21:10:29 IST" name="closeReport" finished-at="2024-12-19T21:10:29 IST" duration-ms="427" status="PASS">
          <reporter-output>
          </reporter-output>
        </test-method> <!-- closeReport -->
      </class> <!-- test.TC_006_LogoutTest -->
    </test> <!-- Default test -->
  </suite> <!-- Default suite -->
</testng-results>
